2026/03/26 12:07:11 Starting Kafka producer/consumer application (retry-and-recovery)...
2026/03/26 12:07:11 Starting Kafka container programmatically...
2026/03/26 12:07:11 Using local Kafka image confluentinc/cp-kafka:7.5.0
2026/03/26 12:07:11 Creating Kafka container...
2026/03/26 12:07:11 Starting Kafka container...
2026/03/26 12:07:11 Kafka container started with ID: 866b45e15664
2026/03/26 12:07:11 Waiting for Kafka to complete startup (checking container logs)...
2026/03/26 12:07:12 Kafka still starting up... (1s elapsed)
2026/03/26 12:07:13 Kafka still starting up... (2s elapsed)
2026/03/26 12:07:14 Kafka still starting up... (3s elapsed)
2026/03/26 12:07:15 Kafka still starting up... (4s elapsed)
2026/03/26 12:07:16 Kafka still starting up... (5s elapsed)
2026/03/26 12:07:17 Kafka still starting up... (6s elapsed)
2026/03/26 12:07:18 Kafka still starting up... (7s elapsed)
2026/03/26 12:07:19 ✓ Kafka is ready (startup took 8.005670583s)
2026/03/26 12:07:19 Recreating topic 'scenario-retry' with 3 partitions...
2026/03/26 12:07:19 Deleting topic 'scenario-retry' if it exists...
2026/03/26 12:07:19 Topic 'scenario-retry' does not exist or broker not ready (nothing to delete)
2026/03/26 12:07:19 Creating topic 'scenario-retry' with 3 partitions...
2026/03/26 12:07:19 ✓ Created topic 'scenario-retry' with 3 partitions
2026/03/26 12:07:19 Starting producer...
2026/03/26 12:07:19 Starting to produce 10 messages across partitions...
2026/03/26 12:07:19 Starting consumer...
2026/03/26 12:07:19 Starting consumer group "scenario-retry-group" for topic "scenario-retry"
kafka-producer 2026/03/26 12:07:19 writing 1 messages to scenario-retry (partition: 0)
2026/03/26 12:07:20 ✓ Produced message 0 with key 'key-0' to partition (hash-distributed)
kafka-producer 2026/03/26 12:07:20 writing 1 messages to scenario-retry (partition: 1)
2026/03/26 12:07:20 ✓ Produced message 1 with key 'key-1' to partition (hash-distributed)
kafka-producer 2026/03/26 12:07:20 writing 1 messages to scenario-retry (partition: 2)
2026/03/26 12:07:20 ✓ Produced message 2 with key 'key-2' to partition (hash-distributed)
kafka-producer 2026/03/26 12:07:20 writing 1 messages to scenario-retry (partition: 0)
2026/03/26 12:07:20 ✓ Produced message 3 with key 'key-3' to partition (hash-distributed)
kafka-producer 2026/03/26 12:07:20 writing 1 messages to scenario-retry (partition: 2)
2026/03/26 12:07:20 ✓ Produced message 4 with key 'key-4' to partition (hash-distributed)
kafka-producer 2026/03/26 12:07:21 writing 1 messages to scenario-retry (partition: 0)
2026/03/26 12:07:21 ✓ Produced message 5 with key 'key-5' to partition (hash-distributed)
kafka-producer 2026/03/26 12:07:21 writing 1 messages to scenario-retry (partition: 1)
2026/03/26 12:07:21 ✓ Produced message 6 with key 'key-6' to partition (hash-distributed)
kafka-producer 2026/03/26 12:07:21 writing 1 messages to scenario-retry (partition: 2)
2026/03/26 12:07:21 ✓ Produced message 7 with key 'key-7' to partition (hash-distributed)
kafka-producer 2026/03/26 12:07:21 writing 1 messages to scenario-retry (partition: 1)
2026/03/26 12:07:21 ✓ Produced message 8 with key 'key-8' to partition (hash-distributed)
kafka-producer 2026/03/26 12:07:21 writing 1 messages to scenario-retry (partition: 2)
2026/03/26 12:07:21 ✓ Produced message 9 with key 'key-9' to partition (hash-distributed)
2026/03/26 12:07:21 Successfully produced all 10 messages
2026/03/26 12:07:21 Producer finished sending messages
2026/03/26 12:07:21 Producer completed; waiting for consumer to catch up before shutdown...
2026/03/26 12:07:25 Worker 2 processing partition 1 offset 1 attempt 1
2026/03/26 12:07:25 ✓ Processed partition 1 offset 1: key=key-6, value=message-6: Hello from Kafka producer at 2026-03-26T12:07:21+08:00
2026/03/26 12:07:25 Worker 2 processing partition 1 offset 2 attempt 1
2026/03/26 12:07:25 ✓ Processed partition 1 offset 2: key=key-8, value=message-8: Hello from Kafka producer at 2026-03-26T12:07:21+08:00
2026/03/26 12:07:25 Worker 1 processing partition 1 offset 0 attempt 1
2026/03/26 12:07:25 ✓ Processed partition 1 offset 0: key=key-1, value=message-1: Hello from Kafka producer at 2026-03-26T12:07:20+08:00
2026/03/26 12:07:25 Worker 2 processing partition 2 offset 0 attempt 1
2026/03/26 12:07:25 Message partition 2 offset 0 failed on attempt 1: simulated transient failure for key=key-2 attempt=1; retrying in 150ms
2026/03/26 12:07:25 ✓ Committed partition 1 through offset 2
2026/03/26 12:07:25 Worker 1 processing partition 2 offset 1 attempt 1
2026/03/26 12:07:25 ✓ Processed partition 2 offset 1: key=key-4, value=message-4: Hello from Kafka producer at 2026-03-26T12:07:20+08:00
2026/03/26 12:07:25 Worker 1 processing partition 2 offset 2 attempt 1
2026/03/26 12:07:25 Message partition 2 offset 2 failed on attempt 1: simulated transient failure for key=key-7 attempt=1; retrying in 150ms
2026/03/26 12:07:25 Worker 2 processing partition 2 offset 0 attempt 2
2026/03/26 12:07:25 ✓ Processed partition 2 offset 0: key=key-2, value=message-2: Hello from Kafka producer at 2026-03-26T12:07:20+08:00
2026/03/26 12:07:25 ✓ Committed partition 2 through offset 1
2026/03/26 12:07:25 Worker 2 processing partition 2 offset 3 attempt 1
2026/03/26 12:07:25 ✓ Processed partition 2 offset 3: key=key-9, value=message-9: Hello from Kafka producer at 2026-03-26T12:07:21+08:00
2026/03/26 12:07:25 Worker 2 processing partition 0 offset 0 attempt 1
2026/03/26 12:07:25 ✓ Processed partition 0 offset 0: key=key-0, value=message-0: Hello from Kafka producer at 2026-03-26T12:07:19+08:00
2026/03/26 12:07:25 ✓ Committed partition 0 through offset 0
2026/03/26 12:07:25 Worker 2 processing partition 0 offset 1 attempt 1
2026/03/26 12:07:25 ✓ Processed partition 0 offset 1: key=key-3, value=message-3: Hello from Kafka producer at 2026-03-26T12:07:20+08:00
2026/03/26 12:07:25 ✓ Committed partition 0 through offset 1
2026/03/26 12:07:25 Worker 2 processing partition 0 offset 2 attempt 1
2026/03/26 12:07:25 ✓ Processed partition 0 offset 2: key=key-5, value=message-5: Hello from Kafka producer at 2026-03-26T12:07:20+08:00
2026/03/26 12:07:25 ✓ Committed partition 0 through offset 2
2026/03/26 12:07:25 Worker 1 processing partition 2 offset 2 attempt 2
2026/03/26 12:07:25 ✓ Processed partition 2 offset 2: key=key-7, value=message-7: Hello from Kafka producer at 2026-03-26T12:07:21+08:00
2026/03/26 12:07:25 ✓ Committed partition 2 through offset 3
2026/03/26 12:07:25 Consumer caught up: processed 10/10 messages
2026/03/26 12:07:25 Consumer fetch loop stopping because context was cancelled
2026/03/26 12:07:25 Consumer intake stopped; draining in-flight work for up to 5s
2026/03/26 12:07:25 All in-flight consumer work drained
2026/03/26 12:07:25 Consumer stopped after processing 10 messages
2026/03/26 12:07:25 Closing producer and consumer...
2026/03/26 12:07:25 Application shutdown complete
2026/03/26 12:07:25 Closing Kafka runtime...
2026/03/26 12:07:25 Stopping Kafka container...
2026/03/26 12:07:26 Kafka container stopped
